{"C:\\Users\\enjoy\\OneDrive\\Работен плот\\FINAL YEAR PROJECT\\solar-estimator-app\\js\\openMeteoArchiveClient.js": {"path":"C:\\Users\\enjoy\\OneDrive\\Работен плот\\FINAL YEAR PROJECT\\solar-estimator-app\\js\\openMeteoArchiveClient.js","statementMap":{"0":{"start":{"line":4,"column":18},"end":{"line":4,"column":65}},"1":{"start":{"line":10,"column":4},"end":{"line":15,"column":19}},"2":{"start":{"line":17,"column":14},"end":{"line":17,"column":30}},"3":{"start":{"line":19,"column":2},"end":{"line":22,"column":3}},"4":{"start":{"line":20,"column":17},"end":{"line":20,"column":49}},"5":{"start":{"line":20,"column":46},"end":{"line":20,"column":48}},"6":{"start":{"line":21,"column":4},"end":{"line":21,"column":74}},"7":{"start":{"line":24,"column":15},"end":{"line":24,"column":31}},"8":{"start":{"line":27,"column":2},"end":{"line":29,"column":3}},"9":{"start":{"line":28,"column":4},"end":{"line":28,"column":82}},"10":{"start":{"line":31,"column":16},"end":{"line":31,"column":31}},"11":{"start":{"line":32,"column":15},"end":{"line":32,"column":49}},"12":{"start":{"line":33,"column":15},"end":{"line":33,"column":45}},"13":{"start":{"line":34,"column":15},"end":{"line":34,"column":45}},"14":{"start":{"line":36,"column":2},"end":{"line":38,"column":3}},"15":{"start":{"line":37,"column":4},"end":{"line":37,"column":78}},"16":{"start":{"line":41,"column":17},"end":{"line":46,"column":5}},"17":{"start":{"line":41,"column":44},"end":{"line":46,"column":3}},"18":{"start":{"line":48,"column":2},"end":{"line":54,"column":4}}},"fnMap":{"0":{"name":"fetchHistoricalDaily","decl":{"start":{"line":3,"column":22},"end":{"line":3,"column":42}},"loc":{"start":{"line":3,"column":73},"end":{"line":55,"column":1}},"line":3},"1":{"name":"(anonymous_1)","decl":{"start":{"line":20,"column":40},"end":{"line":20,"column":41}},"loc":{"start":{"line":20,"column":46},"end":{"line":20,"column":48}},"line":20},"2":{"name":"(anonymous_2)","decl":{"start":{"line":41,"column":27},"end":{"line":41,"column":28}},"loc":{"start":{"line":41,"column":44},"end":{"line":46,"column":3}},"line":41}},"branchMap":{"0":{"loc":{"start":{"line":19,"column":2},"end":{"line":22,"column":3}},"type":"if","locations":[{"start":{"line":19,"column":2},"end":{"line":22,"column":3}},{"start":{},"end":{}}],"line":19},"1":{"loc":{"start":{"line":27,"column":2},"end":{"line":29,"column":3}},"type":"if","locations":[{"start":{"line":27,"column":2},"end":{"line":29,"column":3}},{"start":{},"end":{}}],"line":27},"2":{"loc":{"start":{"line":27,"column":6},"end":{"line":27,"column":52}},"type":"binary-expr","locations":[{"start":{"line":27,"column":6},"end":{"line":27,"column":17}},{"start":{"line":27,"column":21},"end":{"line":27,"column":52}}],"line":27},"3":{"loc":{"start":{"line":36,"column":2},"end":{"line":38,"column":3}},"type":"if","locations":[{"start":{"line":36,"column":2},"end":{"line":38,"column":3}},{"start":{},"end":{}}],"line":36},"4":{"loc":{"start":{"line":36,"column":6},"end":{"line":36,"column":80}},"type":"binary-expr","locations":[{"start":{"line":36,"column":6},"end":{"line":36,"column":25}},{"start":{"line":36,"column":29},"end":{"line":36,"column":49}},{"start":{"line":36,"column":53},"end":{"line":36,"column":80}}],"line":36},"5":{"loc":{"start":{"line":45,"column":17},"end":{"line":45,"column":63}},"type":"cond-expr","locations":[{"start":{"line":45,"column":40},"end":{"line":45,"column":55}},{"start":{"line":45,"column":59},"end":{"line":45,"column":63}}],"line":45},"6":{"loc":{"start":{"line":45,"column":40},"end":{"line":45,"column":55}},"type":"binary-expr","locations":[{"start":{"line":45,"column":40},"end":{"line":45,"column":47}},{"start":{"line":45,"column":51},"end":{"line":45,"column":55}}],"line":45},"7":{"loc":{"start":{"line":49,"column":14},"end":{"line":49,"column":34}},"type":"binary-expr","locations":[{"start":{"line":49,"column":14},"end":{"line":49,"column":27}},{"start":{"line":49,"column":31},"end":{"line":49,"column":34}}],"line":49},"8":{"loc":{"start":{"line":50,"column":15},"end":{"line":50,"column":36}},"type":"binary-expr","locations":[{"start":{"line":50,"column":15},"end":{"line":50,"column":29}},{"start":{"line":50,"column":33},"end":{"line":50,"column":36}}],"line":50}},"s":{"0":8,"1":8,"2":8,"3":8,"4":1,"5":0,"6":1,"7":7,"8":7,"9":1,"10":6,"11":6,"12":6,"13":6,"14":6,"15":0,"16":6,"17":18,"18":6},"f":{"0":8,"1":0,"2":18},"b":{"0":[1,7],"1":[1,6],"2":[7,6],"3":[0,6],"4":[6,6,6],"5":[18,0],"6":[18,0],"7":[6,0],"8":[6,0]},"_coverageSchema":"1a1c01bbd47fc00a2c39e90264f33305004495a9","hash":"ddada2e0d41a18367274d402508198819e22d25c"}
,"C:\\Users\\enjoy\\OneDrive\\Работен плот\\FINAL YEAR PROJECT\\solar-estimator-app\\js\\pvModel.js": {"path":"C:\\Users\\enjoy\\OneDrive\\Работен плот\\FINAL YEAR PROJECT\\solar-estimator-app\\js\\pvModel.js","statementMap":{"0":{"start":{"line":8,"column":23},"end":{"line":8,"column":35}},"1":{"start":{"line":9,"column":23},"end":{"line":9,"column":27}},"2":{"start":{"line":10,"column":23},"end":{"line":10,"column":26}},"3":{"start":{"line":14,"column":16},"end":{"line":14,"column":20}},"4":{"start":{"line":15,"column":16},"end":{"line":15,"column":20}},"5":{"start":{"line":16,"column":16},"end":{"line":16,"column":22}},"6":{"start":{"line":17,"column":16},"end":{"line":17,"column":18}},"7":{"start":{"line":30,"column":24},"end":{"line":35,"column":3}},"8":{"start":{"line":38,"column":19},"end":{"line":38,"column":50}},"9":{"start":{"line":41,"column":2},"end":{"line":48,"column":4}},"10":{"start":{"line":69,"column":19},"end":{"line":69,"column":39}},"11":{"start":{"line":72,"column":20},"end":{"line":72,"column":67}},"12":{"start":{"line":75,"column":23},"end":{"line":75,"column":71}},"13":{"start":{"line":77,"column":18},"end":{"line":77,"column":19}},"14":{"start":{"line":78,"column":23},"end":{"line":78,"column":53}},"15":{"start":{"line":79,"column":26},"end":{"line":79,"column":27}},"16":{"start":{"line":82,"column":2},"end":{"line":95,"column":3}},"17":{"start":{"line":83,"column":4},"end":{"line":94,"column":5}},"18":{"start":{"line":86,"column":21},"end":{"line":86,"column":75}},"19":{"start":{"line":89,"column":6},"end":{"line":93,"column":7}},"20":{"start":{"line":90,"column":8},"end":{"line":90,"column":37}},"21":{"start":{"line":91,"column":8},"end":{"line":91,"column":30}},"22":{"start":{"line":92,"column":8},"end":{"line":92,"column":36}},"23":{"start":{"line":98,"column":2},"end":{"line":102,"column":4}},"24":{"start":{"line":118,"column":19},"end":{"line":118,"column":39}},"25":{"start":{"line":119,"column":19},"end":{"line":119,"column":21}},"26":{"start":{"line":122,"column":2},"end":{"line":150,"column":3}},"27":{"start":{"line":125,"column":20},"end":{"line":125,"column":71}},"28":{"start":{"line":130,"column":18},"end":{"line":130,"column":85}},"29":{"start":{"line":136,"column":24},"end":{"line":136,"column":58}},"30":{"start":{"line":137,"column":24},"end":{"line":137,"column":83}},"31":{"start":{"line":138,"column":24},"end":{"line":138,"column":60}},"32":{"start":{"line":139,"column":24},"end":{"line":139,"column":85}},"33":{"start":{"line":140,"column":24},"end":{"line":140,"column":53}},"34":{"start":{"line":144,"column":6},"end":{"line":147,"column":12}},"35":{"start":{"line":149,"column":4},"end":{"line":149,"column":41}},"36":{"start":{"line":153,"column":21},"end":{"line":153,"column":47}},"37":{"start":{"line":154,"column":19},"end":{"line":154,"column":71}},"38":{"start":{"line":154,"column":62},"end":{"line":154,"column":67}},"39":{"start":{"line":155,"column":19},"end":{"line":155,"column":83}},"40":{"start":{"line":155,"column":58},"end":{"line":155,"column":71}},"41":{"start":{"line":156,"column":20},"end":{"line":156,"column":47}},"42":{"start":{"line":157,"column":19},"end":{"line":157,"column":55}},"43":{"start":{"line":158,"column":21},"end":{"line":158,"column":59}},"44":{"start":{"line":160,"column":2},"end":{"line":160,"column":67}},"45":{"start":{"line":188,"column":13},"end":{"line":188,"column":67}},"46":{"start":{"line":190,"column":17},"end":{"line":190,"column":36}},"47":{"start":{"line":191,"column":17},"end":{"line":191,"column":42}},"48":{"start":{"line":194,"column":20},"end":{"line":194,"column":56}},"49":{"start":{"line":195,"column":2},"end":{"line":195,"column":31}},"50":{"start":{"line":195,"column":22},"end":{"line":195,"column":31}},"51":{"start":{"line":196,"column":20},"end":{"line":196,"column":68}},"52":{"start":{"line":200,"column":16},"end":{"line":203,"column":3}},"53":{"start":{"line":205,"column":2},"end":{"line":205,"column":22}},"54":{"start":{"line":219,"column":2},"end":{"line":219,"column":53}},"55":{"start":{"line":219,"column":27},"end":{"line":219,"column":53}},"56":{"start":{"line":221,"column":13},"end":{"line":221,"column":34}},"57":{"start":{"line":225,"column":2},"end":{"line":234,"column":3}},"58":{"start":{"line":227,"column":4},"end":{"line":227,"column":23}},"59":{"start":{"line":228,"column":9},"end":{"line":234,"column":3}},"60":{"start":{"line":230,"column":4},"end":{"line":230,"column":86}},"61":{"start":{"line":233,"column":4},"end":{"line":233,"column":15}},"62":{"start":{"line":236,"column":2},"end":{"line":236,"column":36}},"63":{"start":{"line":237,"column":14},"end":{"line":237,"column":22}},"64":{"start":{"line":238,"column":14},"end":{"line":238,"column":23}},"65":{"start":{"line":240,"column":2},"end":{"line":240,"column":22}},"66":{"start":{"line":278,"column":2},"end":{"line":278,"column":29}},"67":{"start":{"line":278,"column":20},"end":{"line":278,"column":29}},"68":{"start":{"line":279,"column":2},"end":{"line":279,"column":33}},"69":{"start":{"line":279,"column":18},"end":{"line":279,"column":33}},"70":{"start":{"line":281,"column":19},"end":{"line":281,"column":36}},"71":{"start":{"line":282,"column":20},"end":{"line":282,"column":38}},"72":{"start":{"line":283,"column":19},"end":{"line":283,"column":34}},"73":{"start":{"line":286,"column":22},"end":{"line":286,"column":81}},"74":{"start":{"line":289,"column":13},"end":{"line":289,"column":74}},"75":{"start":{"line":290,"column":23},"end":{"line":290,"column":53}},"76":{"start":{"line":293,"column":17},"end":{"line":293,"column":36}},"77":{"start":{"line":294,"column":17},"end":{"line":294,"column":39}},"78":{"start":{"line":297,"column":23},"end":{"line":297,"column":96}},"79":{"start":{"line":298,"column":23},"end":{"line":298,"column":79}},"80":{"start":{"line":301,"column":20},"end":{"line":301,"column":74}},"81":{"start":{"line":305,"column":27},"end":{"line":305,"column":50}},"82":{"start":{"line":306,"column":27},"end":{"line":306,"column":74}},"83":{"start":{"line":307,"column":27},"end":{"line":307,"column":50}},"84":{"start":{"line":310,"column":23},"end":{"line":313,"column":3}},"85":{"start":{"line":317,"column":13},"end":{"line":317,"column":37}},"86":{"start":{"line":321,"column":13},"end":{"line":321,"column":60}},"87":{"start":{"line":324,"column":20},"end":{"line":324,"column":28}},"88":{"start":{"line":325,"column":20},"end":{"line":325,"column":76}},"89":{"start":{"line":326,"column":20},"end":{"line":326,"column":66}},"90":{"start":{"line":328,"column":2},"end":{"line":328,"column":52}},"91":{"start":{"line":356,"column":17},"end":{"line":356,"column":36}},"92":{"start":{"line":357,"column":17},"end":{"line":357,"column":42}},"93":{"start":{"line":359,"column":20},"end":{"line":359,"column":56}},"94":{"start":{"line":360,"column":2},"end":{"line":360,"column":31}},"95":{"start":{"line":360,"column":22},"end":{"line":360,"column":31}},"96":{"start":{"line":361,"column":2},"end":{"line":361,"column":33}},"97":{"start":{"line":361,"column":23},"end":{"line":361,"column":33}},"98":{"start":{"line":363,"column":20},"end":{"line":363,"column":40}},"99":{"start":{"line":364,"column":2},"end":{"line":364,"column":36}},"100":{"start":{"line":389,"column":16},"end":{"line":389,"column":34}},"101":{"start":{"line":390,"column":16},"end":{"line":390,"column":35}},"102":{"start":{"line":393,"column":19},"end":{"line":393,"column":65}},"103":{"start":{"line":395,"column":2},"end":{"line":395,"column":42}},"104":{"start":{"line":415,"column":12},"end":{"line":415,"column":42}},"105":{"start":{"line":416,"column":2},"end":{"line":416,"column":41}},"106":{"start":{"line":428,"column":16},"end":{"line":428,"column":50}},"107":{"start":{"line":429,"column":15},"end":{"line":429,"column":27}},"108":{"start":{"line":430,"column":17},"end":{"line":430,"column":36}},"109":{"start":{"line":431,"column":2},"end":{"line":431,"column":35}},"110":{"start":{"line":439,"column":2},"end":{"line":439,"column":33}},"111":{"start":{"line":446,"column":2},"end":{"line":446,"column":33}},"112":{"start":{"line":454,"column":18},"end":{"line":454,"column":20}},"113":{"start":{"line":456,"column":2},"end":{"line":461,"column":3}},"114":{"start":{"line":457,"column":18},"end":{"line":457,"column":37}},"115":{"start":{"line":460,"column":4},"end":{"line":460,"column":72}},"116":{"start":{"line":463,"column":2},"end":{"line":463,"column":17}},"117":{"start":{"line":470,"column":2},"end":{"line":470,"column":28}},"118":{"start":{"line":470,"column":19},"end":{"line":470,"column":28}},"119":{"start":{"line":471,"column":14},"end":{"line":471,"column":59}},"120":{"start":{"line":471,"column":35},"end":{"line":471,"column":55}},"121":{"start":{"line":472,"column":2},"end":{"line":472,"column":26}},"122":{"start":{"line":480,"column":2},"end":{"line":480,"column":50}}},"fnMap":{"0":{"name":"estimateEnergy","decl":{"start":{"line":28,"column":16},"end":{"line":28,"column":30}},"loc":{"start":{"line":28,"column":45},"end":{"line":49,"column":1}},"line":28},"1":{"name":"findOptimalAngles","decl":{"start":{"line":68,"column":9},"end":{"line":68,"column":26}},"loc":{"start":{"line":68,"column":41},"end":{"line":103,"column":1}},"line":68},"2":{"name":"calculateEnergyWithAngles","decl":{"start":{"line":117,"column":9},"end":{"line":117,"column":34}},"loc":{"start":{"line":117,"column":64},"end":{"line":161,"column":1}},"line":117},"3":{"name":"(anonymous_3)","decl":{"start":{"line":154,"column":52},"end":{"line":154,"column":53}},"loc":{"start":{"line":154,"column":62},"end":{"line":154,"column":67}},"line":154},"4":{"name":"(anonymous_4)","decl":{"start":{"line":155,"column":53},"end":{"line":155,"column":54}},"loc":{"start":{"line":155,"column":58},"end":{"line":155,"column":71}},"line":155},"5":{"name":"extraterrestrialIrradiation","decl":{"start":{"line":186,"column":9},"end":{"line":186,"column":36}},"loc":{"start":{"line":186,"column":74},"end":{"line":206,"column":1}},"line":186},"6":{"name":"erbsDecomposition","decl":{"start":{"line":218,"column":9},"end":{"line":218,"column":26}},"loc":{"start":{"line":218,"column":36},"end":{"line":241,"column":1}},"line":218},"7":{"name":"calculateHayDaviesPOA","decl":{"start":{"line":277,"column":9},"end":{"line":277,"column":30}},"loc":{"start":{"line":277,"column":74},"end":{"line":329,"column":1}},"line":277},"8":{"name":"daylightHours","decl":{"start":{"line":355,"column":9},"end":{"line":355,"column":22}},"loc":{"start":{"line":355,"column":49},"end":{"line":365,"column":1}},"line":355},"9":{"name":"faimanCellTemp","decl":{"start":{"line":388,"column":9},"end":{"line":388,"column":23}},"loc":{"start":{"line":388,"column":71},"end":{"line":396,"column":1}},"line":388},"10":{"name":"temperatureCorrFactor","decl":{"start":{"line":414,"column":9},"end":{"line":414,"column":30}},"loc":{"start":{"line":414,"column":39},"end":{"line":417,"column":1}},"line":414},"11":{"name":"getDayOfYear","decl":{"start":{"line":427,"column":9},"end":{"line":427,"column":21}},"loc":{"start":{"line":427,"column":28},"end":{"line":432,"column":1}},"line":427},"12":{"name":"toRadians","decl":{"start":{"line":438,"column":9},"end":{"line":438,"column":18}},"loc":{"start":{"line":438,"column":28},"end":{"line":440,"column":1}},"line":438},"13":{"name":"toDegrees","decl":{"start":{"line":445,"column":9},"end":{"line":445,"column":18}},"loc":{"start":{"line":445,"column":28},"end":{"line":447,"column":1}},"line":445},"14":{"name":"aggregateMonthly","decl":{"start":{"line":453,"column":9},"end":{"line":453,"column":25}},"loc":{"start":{"line":453,"column":36},"end":{"line":464,"column":1}},"line":453},"15":{"name":"avg","decl":{"start":{"line":469,"column":9},"end":{"line":469,"column":12}},"loc":{"start":{"line":469,"column":18},"end":{"line":473,"column":1}},"line":469},"16":{"name":"(anonymous_16)","decl":{"start":{"line":471,"column":25},"end":{"line":471,"column":26}},"loc":{"start":{"line":471,"column":35},"end":{"line":471,"column":55}},"line":471},"17":{"name":"round2","decl":{"start":{"line":479,"column":9},"end":{"line":479,"column":15}},"loc":{"start":{"line":479,"column":19},"end":{"line":481,"column":1}},"line":479}},"branchMap":{"0":{"loc":{"start":{"line":89,"column":6},"end":{"line":93,"column":7}},"type":"if","locations":[{"start":{"line":89,"column":6},"end":{"line":93,"column":7}},{"start":{},"end":{}}],"line":89},"1":{"loc":{"start":{"line":125,"column":21},"end":{"line":125,"column":58}},"type":"binary-expr","locations":[{"start":{"line":125,"column":21},"end":{"line":125,"column":53}},{"start":{"line":125,"column":57},"end":{"line":125,"column":58}}],"line":125},"2":{"loc":{"start":{"line":155,"column":19},"end":{"line":155,"column":83}},"type":"binary-expr","locations":[{"start":{"line":155,"column":19},"end":{"line":155,"column":78}},{"start":{"line":155,"column":82},"end":{"line":155,"column":83}}],"line":155},"3":{"loc":{"start":{"line":195,"column":2},"end":{"line":195,"column":31}},"type":"if","locations":[{"start":{"line":195,"column":2},"end":{"line":195,"column":31}},{"start":{},"end":{}}],"line":195},"4":{"loc":{"start":{"line":196,"column":20},"end":{"line":196,"column":68}},"type":"cond-expr","locations":[{"start":{"line":196,"column":38},"end":{"line":196,"column":45}},{"start":{"line":196,"column":48},"end":{"line":196,"column":68}}],"line":196},"5":{"loc":{"start":{"line":219,"column":2},"end":{"line":219,"column":53}},"type":"if","locations":[{"start":{"line":219,"column":2},"end":{"line":219,"column":53}},{"start":{},"end":{}}],"line":219},"6":{"loc":{"start":{"line":219,"column":6},"end":{"line":219,"column":25}},"type":"binary-expr","locations":[{"start":{"line":219,"column":6},"end":{"line":219,"column":13}},{"start":{"line":219,"column":17},"end":{"line":219,"column":25}}],"line":219},"7":{"loc":{"start":{"line":225,"column":2},"end":{"line":234,"column":3}},"type":"if","locations":[{"start":{"line":225,"column":2},"end":{"line":234,"column":3}},{"start":{"line":228,"column":9},"end":{"line":234,"column":3}}],"line":225},"8":{"loc":{"start":{"line":228,"column":9},"end":{"line":234,"column":3}},"type":"if","locations":[{"start":{"line":228,"column":9},"end":{"line":234,"column":3}},{"start":{"line":231,"column":9},"end":{"line":234,"column":3}}],"line":228},"9":{"loc":{"start":{"line":278,"column":2},"end":{"line":278,"column":29}},"type":"if","locations":[{"start":{"line":278,"column":2},"end":{"line":278,"column":29}},{"start":{},"end":{}}],"line":278},"10":{"loc":{"start":{"line":279,"column":2},"end":{"line":279,"column":33}},"type":"if","locations":[{"start":{"line":279,"column":2},"end":{"line":279,"column":33}},{"start":{},"end":{}}],"line":279},"11":{"loc":{"start":{"line":305,"column":27},"end":{"line":305,"column":50}},"type":"cond-expr","locations":[{"start":{"line":305,"column":43},"end":{"line":305,"column":44}},{"start":{"line":305,"column":47},"end":{"line":305,"column":50}}],"line":305},"12":{"loc":{"start":{"line":321,"column":13},"end":{"line":321,"column":60}},"type":"cond-expr","locations":[{"start":{"line":321,"column":22},"end":{"line":321,"column":56}},{"start":{"line":321,"column":59},"end":{"line":321,"column":60}}],"line":321},"13":{"loc":{"start":{"line":360,"column":2},"end":{"line":360,"column":31}},"type":"if","locations":[{"start":{"line":360,"column":2},"end":{"line":360,"column":31}},{"start":{},"end":{}}],"line":360},"14":{"loc":{"start":{"line":361,"column":2},"end":{"line":361,"column":33}},"type":"if","locations":[{"start":{"line":361,"column":2},"end":{"line":361,"column":33}},{"start":{},"end":{}}],"line":361},"15":{"loc":{"start":{"line":389,"column":16},"end":{"line":389,"column":34}},"type":"binary-expr","locations":[{"start":{"line":389,"column":16},"end":{"line":389,"column":28}},{"start":{"line":389,"column":32},"end":{"line":389,"column":34}}],"line":389},"16":{"loc":{"start":{"line":390,"column":16},"end":{"line":390,"column":35}},"type":"binary-expr","locations":[{"start":{"line":390,"column":16},"end":{"line":390,"column":27}},{"start":{"line":390,"column":32},"end":{"line":390,"column":35}}],"line":390},"17":{"loc":{"start":{"line":393,"column":19},"end":{"line":393,"column":65}},"type":"cond-expr","locations":[{"start":{"line":393,"column":33},"end":{"line":393,"column":61}},{"start":{"line":393,"column":64},"end":{"line":393,"column":65}}],"line":393},"18":{"loc":{"start":{"line":460,"column":29},"end":{"line":460,"column":48}},"type":"binary-expr","locations":[{"start":{"line":460,"column":29},"end":{"line":460,"column":43}},{"start":{"line":460,"column":47},"end":{"line":460,"column":48}}],"line":460},"19":{"loc":{"start":{"line":460,"column":53},"end":{"line":460,"column":69}},"type":"binary-expr","locations":[{"start":{"line":460,"column":53},"end":{"line":460,"column":64}},{"start":{"line":460,"column":68},"end":{"line":460,"column":69}}],"line":460},"20":{"loc":{"start":{"line":470,"column":2},"end":{"line":470,"column":28}},"type":"if","locations":[{"start":{"line":470,"column":2},"end":{"line":470,"column":28}},{"start":{},"end":{}}],"line":470},"21":{"loc":{"start":{"line":471,"column":40},"end":{"line":471,"column":54}},"type":"binary-expr","locations":[{"start":{"line":471,"column":40},"end":{"line":471,"column":49}},{"start":{"line":471,"column":53},"end":{"line":471,"column":54}}],"line":471},"22":{"loc":{"start":{"line":480,"column":21},"end":{"line":480,"column":35}},"type":"binary-expr","locations":[{"start":{"line":480,"column":21},"end":{"line":480,"column":30}},{"start":{"line":480,"column":34},"end":{"line":480,"column":35}}],"line":480}},"s":{"0":2,"1":2,"2":2,"3":2,"4":2,"5":2,"6":2,"7":7,"8":7,"9":7,"10":7,"11":7,"12":7,"13":7,"14":7,"15":7,"16":7,"17":84,"18":924,"19":924,"20":48,"21":48,"22":48,"23":7,"24":931,"25":931,"26":931,"27":2793,"28":2793,"29":2793,"30":2793,"31":2793,"32":2793,"33":2793,"34":2793,"35":2793,"36":931,"37":931,"38":931,"39":931,"40":2793,"41":931,"42":931,"43":931,"44":931,"45":2201,"46":2201,"47":2201,"48":2201,"49":2201,"50":1,"51":2200,"52":2200,"53":2200,"54":2205,"55":2,"56":2203,"57":2203,"58":735,"59":1468,"60":1466,"61":2,"62":2203,"63":2203,"64":2203,"65":2203,"66":2793,"67":399,"68":2394,"69":198,"70":2196,"71":2196,"72":2196,"73":2196,"74":2196,"75":2196,"76":2196,"77":2196,"78":2196,"79":2196,"80":2196,"81":2196,"82":2196,"83":2196,"84":2196,"85":2196,"86":2196,"87":2196,"88":2196,"89":2196,"90":2196,"91":2793,"92":2793,"93":2793,"94":2793,"95":0,"96":2793,"97":0,"98":2793,"99":2793,"100":2799,"101":2799,"102":2799,"103":2799,"104":2805,"105":2805,"106":4989,"107":4989,"108":4989,"109":4989,"110":30354,"111":2196,"112":931,"113":931,"114":2793,"115":2793,"116":931,"117":1862,"118":0,"119":1862,"120":3724,"121":1862,"122":8386},"f":{"0":7,"1":7,"2":931,"3":931,"4":2793,"5":2201,"6":2205,"7":2793,"8":2793,"9":2799,"10":2805,"11":4989,"12":30354,"13":2196,"14":931,"15":1862,"16":3724,"17":8386},"b":{"0":[48,876],"1":[2793,399],"2":[931,0],"3":[1,2200],"4":[0,2200],"5":[2,2203],"6":[2205,2204],"7":[735,1468],"8":[1466,2],"9":[399,2394],"10":[198,2196],"11":[2196,0],"12":[2196,0],"13":[0,2793],"14":[0,2793],"15":[2799,1],"16":[2799,1],"17":[2799,0],"18":[2793,1197],"19":[2793,399],"20":[0,1862],"21":[3724,532],"22":[8386,1198]},"_coverageSchema":"1a1c01bbd47fc00a2c39e90264f33305004495a9","hash":"1a0d310ca8e53b00d3196242c8bb90ec0bad8060"}
,"C:\\Users\\enjoy\\OneDrive\\Работен плот\\FINAL YEAR PROJECT\\solar-estimator-app\\js\\validator.js": {"path":"C:\\Users\\enjoy\\OneDrive\\Работен плот\\FINAL YEAR PROJECT\\solar-estimator-app\\js\\validator.js","statementMap":{"0":{"start":{"line":12,"column":2},"end":{"line":12,"column":73}},"1":{"start":{"line":12,"column":61},"end":{"line":12,"column":73}},"2":{"start":{"line":13,"column":12},"end":{"line":13,"column":25}},"3":{"start":{"line":14,"column":2},"end":{"line":14,"column":39}},"4":{"start":{"line":23,"column":19},"end":{"line":32,"column":3}},"5":{"start":{"line":34,"column":2},"end":{"line":34,"column":65}},"6":{"start":{"line":34,"column":27},"end":{"line":34,"column":49}},"7":{"start":{"line":34,"column":52},"end":{"line":34,"column":65}},"8":{"start":{"line":36,"column":2},"end":{"line":36,"column":60}},"9":{"start":{"line":36,"column":47},"end":{"line":36,"column":60}},"10":{"start":{"line":37,"column":2},"end":{"line":37,"column":64}},"11":{"start":{"line":37,"column":51},"end":{"line":37,"column":64}},"12":{"start":{"line":39,"column":2},"end":{"line":39,"column":47}},"13":{"start":{"line":39,"column":34},"end":{"line":39,"column":47}},"14":{"start":{"line":40,"column":2},"end":{"line":40,"column":56}},"15":{"start":{"line":40,"column":43},"end":{"line":40,"column":56}},"16":{"start":{"line":41,"column":2},"end":{"line":41,"column":66}},"17":{"start":{"line":41,"column":53},"end":{"line":41,"column":66}},"18":{"start":{"line":43,"column":2},"end":{"line":43,"column":74}},"19":{"start":{"line":43,"column":61},"end":{"line":43,"column":74}},"20":{"start":{"line":45,"column":2},"end":{"line":45,"column":48}},"21":{"start":{"line":45,"column":35},"end":{"line":45,"column":48}},"22":{"start":{"line":47,"column":2},"end":{"line":47,"column":14}}},"fnMap":{"0":{"name":"toNumber","decl":{"start":{"line":11,"column":16},"end":{"line":11,"column":24}},"loc":{"start":{"line":11,"column":32},"end":{"line":15,"column":1}},"line":11},"1":{"name":"isValidConfig","decl":{"start":{"line":22,"column":16},"end":{"line":22,"column":29}},"loc":{"start":{"line":22,"column":35},"end":{"line":48,"column":1}},"line":22},"2":{"name":"(anonymous_2)","decl":{"start":{"line":34,"column":20},"end":{"line":34,"column":21}},"loc":{"start":{"line":34,"column":27},"end":{"line":34,"column":49}},"line":34}},"branchMap":{"0":{"loc":{"start":{"line":12,"column":2},"end":{"line":12,"column":73}},"type":"if","locations":[{"start":{"line":12,"column":2},"end":{"line":12,"column":73}},{"start":{},"end":{}}],"line":12},"1":{"loc":{"start":{"line":12,"column":6},"end":{"line":12,"column":59}},"type":"binary-expr","locations":[{"start":{"line":12,"column":6},"end":{"line":12,"column":18}},{"start":{"line":12,"column":22},"end":{"line":12,"column":36}},{"start":{"line":12,"column":40},"end":{"line":12,"column":59}}],"line":12},"2":{"loc":{"start":{"line":14,"column":9},"end":{"line":14,"column":38}},"type":"cond-expr","locations":[{"start":{"line":14,"column":30},"end":{"line":14,"column":31}},{"start":{"line":14,"column":34},"end":{"line":14,"column":38}}],"line":14},"3":{"loc":{"start":{"line":34,"column":2},"end":{"line":34,"column":65}},"type":"if","locations":[{"start":{"line":34,"column":2},"end":{"line":34,"column":65}},{"start":{},"end":{}}],"line":34},"4":{"loc":{"start":{"line":34,"column":27},"end":{"line":34,"column":49}},"type":"binary-expr","locations":[{"start":{"line":34,"column":27},"end":{"line":34,"column":37}},{"start":{"line":34,"column":41},"end":{"line":34,"column":49}}],"line":34},"5":{"loc":{"start":{"line":36,"column":2},"end":{"line":36,"column":60}},"type":"if","locations":[{"start":{"line":36,"column":2},"end":{"line":36,"column":60}},{"start":{},"end":{}}],"line":36},"6":{"loc":{"start":{"line":36,"column":6},"end":{"line":36,"column":45}},"type":"binary-expr","locations":[{"start":{"line":36,"column":6},"end":{"line":36,"column":24}},{"start":{"line":36,"column":28},"end":{"line":36,"column":45}}],"line":36},"7":{"loc":{"start":{"line":37,"column":2},"end":{"line":37,"column":64}},"type":"if","locations":[{"start":{"line":37,"column":2},"end":{"line":37,"column":64}},{"start":{},"end":{}}],"line":37},"8":{"loc":{"start":{"line":37,"column":6},"end":{"line":37,"column":49}},"type":"binary-expr","locations":[{"start":{"line":37,"column":6},"end":{"line":37,"column":26}},{"start":{"line":37,"column":30},"end":{"line":37,"column":49}}],"line":37},"9":{"loc":{"start":{"line":39,"column":2},"end":{"line":39,"column":47}},"type":"if","locations":[{"start":{"line":39,"column":2},"end":{"line":39,"column":47}},{"start":{},"end":{}}],"line":39},"10":{"loc":{"start":{"line":40,"column":2},"end":{"line":40,"column":56}},"type":"if","locations":[{"start":{"line":40,"column":2},"end":{"line":40,"column":56}},{"start":{},"end":{}}],"line":40},"11":{"loc":{"start":{"line":40,"column":6},"end":{"line":40,"column":41}},"type":"binary-expr","locations":[{"start":{"line":40,"column":6},"end":{"line":40,"column":21}},{"start":{"line":40,"column":25},"end":{"line":40,"column":41}}],"line":40},"12":{"loc":{"start":{"line":41,"column":2},"end":{"line":41,"column":66}},"type":"if","locations":[{"start":{"line":41,"column":2},"end":{"line":41,"column":66}},{"start":{},"end":{}}],"line":41},"13":{"loc":{"start":{"line":41,"column":6},"end":{"line":41,"column":51}},"type":"binary-expr","locations":[{"start":{"line":41,"column":6},"end":{"line":41,"column":27}},{"start":{"line":41,"column":31},"end":{"line":41,"column":51}}],"line":41},"14":{"loc":{"start":{"line":43,"column":2},"end":{"line":43,"column":74}},"type":"if","locations":[{"start":{"line":43,"column":2},"end":{"line":43,"column":74}},{"start":{},"end":{}}],"line":43},"15":{"loc":{"start":{"line":43,"column":6},"end":{"line":43,"column":59}},"type":"binary-expr","locations":[{"start":{"line":43,"column":6},"end":{"line":43,"column":31}},{"start":{"line":43,"column":35},"end":{"line":43,"column":59}}],"line":43},"16":{"loc":{"start":{"line":45,"column":2},"end":{"line":45,"column":48}},"type":"if","locations":[{"start":{"line":45,"column":2},"end":{"line":45,"column":48}},{"start":{},"end":{}}],"line":45}},"s":{"0":8,"1":3,"2":5,"3":5,"4":21,"5":21,"6":149,"7":5,"8":16,"9":2,"10":14,"11":2,"12":12,"13":1,"14":11,"15":2,"16":9,"17":0,"18":9,"19":2,"20":7,"21":1,"22":6},"f":{"0":8,"1":21,"2":149},"b":{"0":[3,5],"1":[8,7,6],"2":[3,2],"3":[5,16],"4":[149,144],"5":[2,14],"6":[16,15],"7":[2,12],"8":[14,13],"9":[1,11],"10":[2,9],"11":[11,10],"12":[0,9],"13":[9,9],"14":[2,7],"15":[9,8],"16":[1,6]},"_coverageSchema":"1a1c01bbd47fc00a2c39e90264f33305004495a9","hash":"6fb7c9c942bf4b23e950985bd0d07eaa8e48e513"}
}
