TN:
SF:js\openMeteoArchiveClient.js
FN:3,fetchHistoricalDaily
FN:20,(anonymous_1)
FN:41,(anonymous_2)
FNF:3
FNH:2
FNDA:8,fetchHistoricalDaily
FNDA:0,(anonymous_1)
FNDA:18,(anonymous_2)
DA:4,8
DA:10,8
DA:17,8
DA:19,8
DA:20,1
DA:21,1
DA:24,7
DA:27,7
DA:28,1
DA:31,6
DA:32,6
DA:33,6
DA:34,6
DA:36,6
DA:37,0
DA:41,18
DA:48,6
LF:17
LH:16
BRDA:19,0,0,1
BRDA:19,0,1,7
BRDA:27,1,0,1
BRDA:27,1,1,6
BRDA:27,2,0,7
BRDA:27,2,1,6
BRDA:36,3,0,0
BRDA:36,3,1,6
BRDA:36,4,0,6
BRDA:36,4,1,6
BRDA:36,4,2,6
BRDA:45,5,0,18
BRDA:45,5,1,0
BRDA:45,6,0,18
BRDA:45,6,1,0
BRDA:49,7,0,6
BRDA:49,7,1,0
BRDA:50,8,0,6
BRDA:50,8,1,0
BRF:19
BRH:14
end_of_record
TN:
SF:js\pvModel.js
FN:28,estimateEnergy
FN:68,findOptimalAngles
FN:117,calculateEnergyWithAngles
FN:154,(anonymous_3)
FN:155,(anonymous_4)
FN:186,extraterrestrialIrradiation
FN:218,erbsDecomposition
FN:277,calculateHayDaviesPOA
FN:355,daylightHours
FN:388,faimanCellTemp
FN:414,temperatureCorrFactor
FN:427,getDayOfYear
FN:438,toRadians
FN:445,toDegrees
FN:453,aggregateMonthly
FN:469,avg
FN:471,(anonymous_16)
FN:479,round2
FNF:18
FNH:18
FNDA:7,estimateEnergy
FNDA:7,findOptimalAngles
FNDA:931,calculateEnergyWithAngles
FNDA:931,(anonymous_3)
FNDA:2793,(anonymous_4)
FNDA:2201,extraterrestrialIrradiation
FNDA:2205,erbsDecomposition
FNDA:2793,calculateHayDaviesPOA
FNDA:2793,daylightHours
FNDA:2799,faimanCellTemp
FNDA:2805,temperatureCorrFactor
FNDA:4989,getDayOfYear
FNDA:30354,toRadians
FNDA:2196,toDegrees
FNDA:931,aggregateMonthly
FNDA:1862,avg
FNDA:3724,(anonymous_16)
FNDA:8386,round2
DA:8,2
DA:9,2
DA:10,2
DA:14,2
DA:15,2
DA:16,2
DA:17,2
DA:30,7
DA:38,7
DA:41,7
DA:69,7
DA:72,7
DA:75,7
DA:77,7
DA:78,7
DA:79,7
DA:82,7
DA:83,84
DA:86,924
DA:89,924
DA:90,48
DA:91,48
DA:92,48
DA:98,7
DA:118,931
DA:119,931
DA:122,931
DA:125,2793
DA:130,2793
DA:136,2793
DA:137,2793
DA:138,2793
DA:139,2793
DA:140,2793
DA:144,2793
DA:149,2793
DA:153,931
DA:154,931
DA:155,2793
DA:156,931
DA:157,931
DA:158,931
DA:160,931
DA:188,2201
DA:190,2201
DA:191,2201
DA:194,2201
DA:195,2201
DA:196,2200
DA:200,2200
DA:205,2200
DA:219,2205
DA:221,2203
DA:225,2203
DA:227,735
DA:228,1468
DA:230,1466
DA:233,2
DA:236,2203
DA:237,2203
DA:238,2203
DA:240,2203
DA:278,2793
DA:279,2394
DA:281,2196
DA:282,2196
DA:283,2196
DA:286,2196
DA:289,2196
DA:290,2196
DA:293,2196
DA:294,2196
DA:297,2196
DA:298,2196
DA:301,2196
DA:305,2196
DA:306,2196
DA:307,2196
DA:310,2196
DA:317,2196
DA:321,2196
DA:324,2196
DA:325,2196
DA:326,2196
DA:328,2196
DA:356,2793
DA:357,2793
DA:359,2793
DA:360,2793
DA:361,2793
DA:363,2793
DA:364,2793
DA:389,2799
DA:390,2799
DA:393,2799
DA:395,2799
DA:415,2805
DA:416,2805
DA:428,4989
DA:429,4989
DA:430,4989
DA:431,4989
DA:439,30354
DA:446,2196
DA:454,931
DA:456,931
DA:457,2793
DA:460,2793
DA:463,931
DA:470,1862
DA:471,3724
DA:472,1862
DA:480,8386
LF:113
LH:113
BRDA:89,0,0,48
BRDA:89,0,1,876
BRDA:125,1,0,2793
BRDA:125,1,1,399
BRDA:155,2,0,931
BRDA:155,2,1,0
BRDA:195,3,0,1
BRDA:195,3,1,2200
BRDA:196,4,0,0
BRDA:196,4,1,2200
BRDA:219,5,0,2
BRDA:219,5,1,2203
BRDA:219,6,0,2205
BRDA:219,6,1,2204
BRDA:225,7,0,735
BRDA:225,7,1,1468
BRDA:228,8,0,1466
BRDA:228,8,1,2
BRDA:278,9,0,399
BRDA:278,9,1,2394
BRDA:279,10,0,198
BRDA:279,10,1,2196
BRDA:305,11,0,2196
BRDA:305,11,1,0
BRDA:321,12,0,2196
BRDA:321,12,1,0
BRDA:360,13,0,0
BRDA:360,13,1,2793
BRDA:361,14,0,0
BRDA:361,14,1,2793
BRDA:389,15,0,2799
BRDA:389,15,1,1
BRDA:390,16,0,2799
BRDA:390,16,1,1
BRDA:393,17,0,2799
BRDA:393,17,1,0
BRDA:460,18,0,2793
BRDA:460,18,1,1197
BRDA:460,19,0,2793
BRDA:460,19,1,399
BRDA:470,20,0,0
BRDA:470,20,1,1862
BRDA:471,21,0,3724
BRDA:471,21,1,532
BRDA:480,22,0,8386
BRDA:480,22,1,1198
BRF:46
BRH:38
end_of_record
TN:
SF:js\validator.js
FN:11,toNumber
FN:22,isValidConfig
FN:34,(anonymous_2)
FNF:3
FNH:3
FNDA:8,toNumber
FNDA:21,isValidConfig
FNDA:149,(anonymous_2)
DA:12,8
DA:13,5
DA:14,5
DA:23,21
DA:34,149
DA:36,16
DA:37,14
DA:39,12
DA:40,11
DA:41,9
DA:43,9
DA:45,7
DA:47,6
LF:13
LH:13
BRDA:12,0,0,3
BRDA:12,0,1,5
BRDA:12,1,0,8
BRDA:12,1,1,7
BRDA:12,1,2,6
BRDA:14,2,0,3
BRDA:14,2,1,2
BRDA:34,3,0,5
BRDA:34,3,1,16
BRDA:34,4,0,149
BRDA:34,4,1,144
BRDA:36,5,0,2
BRDA:36,5,1,14
BRDA:36,6,0,16
BRDA:36,6,1,15
BRDA:37,7,0,2
BRDA:37,7,1,12
BRDA:37,8,0,14
BRDA:37,8,1,13
BRDA:39,9,0,1
BRDA:39,9,1,11
BRDA:40,10,0,2
BRDA:40,10,1,9
BRDA:40,11,0,11
BRDA:40,11,1,10
BRDA:41,12,0,0
BRDA:41,12,1,9
BRDA:41,13,0,9
BRDA:41,13,1,9
BRDA:43,14,0,2
BRDA:43,14,1,7
BRDA:43,15,0,9
BRDA:43,15,1,8
BRDA:45,16,0,1
BRDA:45,16,1,6
BRF:35
BRH:34
end_of_record
